270820.8092, MIDI, 3.000
270822.7251, MIDI, 4.000
270822.7772, SEND, 4095, 1.000000
270822.8316, RECV, /segTrig, 10
270822.8316, RECV, /nowPlaying, 1
270860.4459, MIDI, 5.000
270860.5076, SEND, 4095, 10.000000
270860.5611, RECV, /segTrig, 20
270860.5611, RECV, /nowPlaying, 10
270893.7919, MIDI, 6.000
270893.8451, SEND, 4095, 20.000000
270893.8982, RECV, /segTrig, 30
270893.8982, RECV, /eventTrig, 1
270893.8982, RECV, /nowPlaying, 20
270904.3726, MIDI, 7.000
270904.4286, SEND, 4094, 1.000000
270904.4834, RECV, /eventTrig, 1
270906.3008, MIDI, 8.000
270906.3557, SEND, 4094, 1.000000
270906.4125, RECV, /eventTrig, 1
270909.6685, MIDI, 9.000
270909.7236, SEND, 4094, 1.000000
270909.7810, RECV, /eventTrig, 0
270911.8678, MIDI, 10.000
270911.9207, SEND, 4094, 1.000000
270931.5293, MIDI, 11.000
270931.5860, SEND, 4095, 30.000000
270931.6403, RECV, /segTrig, 40
270931.6403, RECV, /nowPlaying, 30
270958.2480, MIDI, 12.000
270958.3018, SEND, 4095, 40.000000
270958.3018, SEND, 4094, 1.000000
270958.3569, RECV, /segTrig, 50
270958.3569, RECV, /eventTrig, 1
270958.3569, RECV, /nowPlaying, 40
270961.0331, SEND, 4094, 1.000000
270961.0877, RECV, /eventTrig, 1
270961.7439, SEND, 4094, 1.000000
270961.7975, RECV, /eventTrig, 1
270963.5384, SEND, 4094, 1.000000
270963.5944, RECV, /eventTrig, 1
270963.6536, SEND, 4094, 1.000000
270963.7124, RECV, /eventTrig, 1
270964.0530, SEND, 4094, 1.000000
270964.1097, RECV, /eventTrig, 1
270965.2616, SEND, 4094, 1.000000
270965.3149, RECV, /eventTrig, 1
270965.4806, SEND, 4094, 1.000000
270965.5371, RECV, /eventTrig, 1
270967.2546, SEND, 4094, 1.000000
270967.3100, RECV, /eventTrig, 1
270967.8089, SEND, 4094, 1.000000
270967.8630, RECV, /eventTrig, 1
270969.0125, SEND, 4094, 1.000000
270969.0660, RECV, /eventTrig, 1
270969.7847, SEND, 4094, 1.000000
270969.8409, RECV, /eventTrig, 1
270970.3308, SEND, 4094, 1.000000
270970.3855, RECV, /eventTrig, 1
270972.9987, MIDI, 13.000
270973.0543, SEND, 4095, 50.000000
270973.1101, RECV, /segTrig, 60
270973.1101, RECV, /eventTrig, 0
270973.1101, RECV, /nowPlaying, 50
270999.7985, MIDI, 14.000
270999.8510, SEND, 4095, 60.000000
270999.9049, RECV, /segTrig, 70
270999.9049, RECV, /eventTrig, 1
270999.9049, RECV, /nowPlaying, 60
271008.9344, MIDI, 15.000
271008.9904, SEND, 4094, 1.000000
271009.0448, RECV, /eventTrig, 1
271011.1623, MIDI, 16.000
271011.2211, SEND, 4094, 1.000000
271011.2760, RECV, /eventTrig, 1
271015.0922, MIDI, 17.000
271015.1474, SEND, 4094, 1.000000
271015.2044, RECV, /eventTrig, 0
271018.6628, MIDI, 18.000
271018.7208, SEND, 4095, 70.000000
271018.7758, RECV, /segTrig, 80
271018.7758, RECV, /nowPlaying, 70
271048.1239, MIDI, 19.000
271048.1804, SEND, 4095, 80.000000
271048.2402, RECV, /segTrig, 90
271048.2402, RECV, /nowPlaying, 80
271081.3700, MIDI, 20.000
271081.4252, SEND, 4095, 90.000000
271081.4793, RECV, /segTrig, 0
271081.4793, RECV, /nowPlaying, 90
271081.5367, RECV, /segTrig, 100
271085.6567, MIDI, 21.000
271085.7113, SEND, 4095, 100.000000
271085.7670, RECV, /segTrig, 110
271085.7670, RECV, /nowPlaying, 100
271145.8803, MIDI, 22.000
271145.9344, SEND, 4095, 110.000000
271145.9896, RECV, /segTrig, 120
271145.9896, RECV, /nowPlaying, 110
271157.3141, MIDI, 23.000
271157.3678, SEND, 4095, 120.000000
271157.4249, RECV, /segTrig, 130
271157.4249, RECV, /nowPlaying, 120
271157.4803, RECV, /eventTrig, 1
271160.2346, MIDI, 24.000
271160.2898, SEND, 4094, 1.000000
271160.3446, RECV, /eventTrig, 1
271162.8615, MIDI, 25.000
271162.9157, SEND, 4094, 1.000000
271162.9723, RECV, /eventTrig, 0
271191.0213, MIDI, 26.000
271191.0770, SEND, 4095, 130.000000
271191.1325, RECV, /segTrig, 140
271191.1325, RECV, /nowPlaying, 130
271191.1874, RECV, /eventTrig, 1
271193.6111, MIDI, 27.000
271193.6675, SEND, 4094, 1.000000
271193.7252, RECV, /eventTrig, 0
271209.1208, MIDI, 28.000
271209.1746, SEND, 4095, 140.000000
271209.2292, RECV, /segTrig, 150
271209.2292, RECV, /nowPlaying, 140
271209.8709, RECV, /eventTrig, 1
271212.9034, MIDI, 29.000
271212.9562, SEND, 4094, 1.000000
271213.0113, RECV, /eventTrig, 0
271226.7743, MIDI, 30.000
271226.8298, SEND, 4095, 150.000000
271226.8856, RECV, /segTrig, 160
271226.8856, RECV, /nowPlaying, 150
271245.4409, MIDI, 31.000
271245.4986, SEND, 4095, 160.000000
271245.5563, RECV, /segTrig, 170
271245.5563, RECV, /nowPlaying, 160
271257.3650, MIDI, 32.000
271257.4190, SEND, 4095, 170.000000
271257.4766, RECV, /segTrig, 180
271257.4766, RECV, /nowPlaying, 170
271257.5320, RECV, /eventTrig, 1
271260.0320, MIDI, 33.000
271260.0860, SEND, 4094, 1.000000
271260.1390, RECV, /eventTrig, 1
271269.0498, MIDI, 34.000
271269.1052, SEND, 4094, 1.000000
271269.1591, RECV, /eventTrig, 0
271269.2717, RECV, /eventTrig, 1
271280.0791, MIDI, 35.000
271280.1366, SEND, 4094, 1.000000
271280.1898, RECV, /eventTrig, 0
271280.3013, RECV, /eventTrig, 1
271292.3753, MIDI, 36.000
271292.4319, SEND, 4094, 1.000000
271292.4848, RECV, /eventTrig, 0
271299.3483, MIDI, 37.000
271299.4022, SEND, 4095, 180.000000
271299.4565, RECV, /segTrig, 190
271299.4565, RECV, /nowPlaying, 180
271307.7420, MIDI, 38.000
271307.7990, SEND, 4095, 190.000000
271307.8531, RECV, /segTrig, 200
271307.8531, RECV, /nowPlaying, 190
271307.9087, RECV, /eventTrig, 1
271313.5086, MIDI, 39.000
271313.5627, SEND, 4094, 1.000000
271313.6173, RECV, /eventTrig, 1
271321.2132, MIDI, 40.000
271321.3007, SEND, 4094, 1.000000
271321.3797, RECV, /eventTrig, 0
271324.3534, MIDI, 41.000
271324.4074, SEND, 4095, 200.000000
271324.4622, RECV, /segTrig, 210
271324.4622, RECV, /nowPlaying, 200
271324.5730, RECV, /eventTrig, 1
271349.4431, MIDI, 42.000
271349.4959, SEND, 4094, 1.000000
271349.5496, RECV, /eventTrig, 0
271363.4355, MIDI, 43.000
271363.4899, SEND, 4095, 210.000000
271363.5462, RECV, /segTrig, 500
271363.5462, RECV, /nowPlaying, 210
271390.5668, MIDI, 44.000
271390.6225, SEND, 4095, 500.000000
271390.6225, SEND, 4094, 1.000000
271390.6769, RECV, /segTrig, 0
271390.6769, RECV, /nowPlaying, 500
271390.7907, RECV, /segTrig, 510
271390.7907, RECV, /eventTrig, 1
271391.2915, SEND, 4094, 1.000000
271391.3455, RECV, /eventTrig, 1
271392.6177, SEND, 4094, 1.000000
271392.6731, RECV, /eventTrig, 1
271393.1643, SEND, 4094, 1.000000
271393.2211, RECV, /eventTrig, 1
271393.8162, SEND, 4094, 1.000000
271393.8717, RECV, /eventTrig, 1
271393.9811, SEND, 4094, 1.000000
271394.0371, RECV, /eventTrig, 1
271394.6893, SEND, 4094, 1.000000
271394.7453, RECV, /eventTrig, 1
271394.8620, SEND, 4094, 1.000000
271394.9228, RECV, /eventTrig, 1
271395.4808, SEND, 4094, 1.000000
271395.5374, RECV, /eventTrig, 1
271395.9798, SEND, 4094, 1.000000
271396.0366, RECV, /eventTrig, 1
271396.3056, SEND, 4094, 1.000000
271396.3588, RECV, /eventTrig, 1
271396.7931, SEND, 4094, 1.000000
271396.8479, RECV, /eventTrig, 1
271399.5770, SEND, 4094, 1.000000
271399.6350, RECV, /eventTrig, 1
271400.5599, SEND, 4094, 1.000000
271400.6179, RECV, /eventTrig, 1
271402.3014, SEND, 4094, 1.000000
271402.3560, RECV, /eventTrig, 1
271406.8564, SEND, 4094, 1.000000
271406.9154, RECV, /eventTrig, 1
271408.2746, SEND, 4094, 1.000000
271408.3320, RECV, /eventTrig, 1
271408.4420, SEND, 4094, 1.000000
271408.4979, RECV, /eventTrig, 1
271411.7533, SEND, 4094, 1.000000
271411.8322, RECV, /eventTrig, 1
271413.5612, SEND, 4094, 1.000000
271413.6416, RECV, /eventTrig, 1
271414.0194, MIDI, 45.000
271414.1025, SEND, 4095, 510.000000
271414.1851, RECV, /segTrig, 520
271414.1851, RECV, /eventTrig, 1
271414.1851, RECV, /nowPlaying, 510
271414.6598, SEND, 4094, 1.000000
271414.7404, RECV, /eventTrig, 0
271415.6496, SEND, 4094, 1.000000
271416.4239, SEND, 4094, 1.000000
271420.4334, SEND, 4094, 1.000000
271421.1943, SEND, 4094, 1.000000
271421.7478, SEND, 4094, 1.000000
271421.9176, SEND, 4094, 1.000000
271422.5784, SEND, 4094, 1.000000
271423.9700, SEND, 4094, 1.000000
271424.9616, SEND, 4094, 1.000000
271425.6234, SEND, 4094, 1.000000
271425.8403, MIDI, 46.000
271425.8941, SEND, 4095, 520.000000
271425.9466, RECV, /segTrig, 530
271425.9466, RECV, /nowPlaying, 520
271456.2329, MIDI, 47.000
271456.2894, SEND, 4095, 530.000000
271456.3470, RECV, /segTrig, 0
271456.3470, RECV, /nowPlaying, 530
271456.4012, RECV, /segTrig, 540
271473.1140, MIDI, 48.000
271473.1697, SEND, 4095, 540.000000
271473.2235, RECV, /segTrig, 0
271473.2235, RECV, /nowPlaying, 540
271473.2763, RECV, /segTrig, 550
271484.3994, MIDI, 49.000
271484.4538, SEND, 4095, 550.000000
271484.5089, RECV, /segTrig, 0
271484.5089, RECV, /nowPlaying, 550
271484.5654, RECV, /segTrig, 560
271484.5654, RECV, /eventTrig, 1
271484.8379, SEND, 4094, 1.000000
271484.8928, RECV, /eventTrig, 1
271485.2197, SEND, 4094, 1.000000
271485.2763, RECV, /eventTrig, 1
271486.4068, SEND, 4094, 1.000000
271486.4633, RECV, /eventTrig, 1
271487.0575, SEND, 4094, 1.000000
271487.1160, RECV, /eventTrig, 1
271489.5217, SEND, 4094, 1.000000
271489.5796, RECV, /eventTrig, 1
271490.2193, SEND, 4094, 1.000000
271490.2737, RECV, /eventTrig, 1
271490.8641, SEND, 4094, 1.000000
271490.9176, RECV, /eventTrig, 1
271492.2300, SEND, 4094, 1.000000
271492.2840, RECV, /eventTrig, 1
271492.9985, SEND, 4094, 1.000000
271493.0518, RECV, /eventTrig, 1
271493.2127, SEND, 4094, 1.000000
271493.2662, RECV, /eventTrig, 1
271493.7492, SEND, 4094, 1.000000
271493.8048, RECV, /eventTrig, 1
271493.8603, SEND, 4094, 1.000000
271493.9131, RECV, /eventTrig, 1
271494.2406, SEND, 4094, 1.000000
271494.2950, RECV, /eventTrig, 1
271495.1618, SEND, 4094, 1.000000
271495.2174, RECV, /eventTrig, 1
271495.3251, SEND, 4094, 1.000000
271495.3782, RECV, /eventTrig, 1
271496.1582, SEND, 4094, 1.000000
271496.2116, RECV, /eventTrig, 1
271498.2221, SEND, 4094, 1.000000
271498.2768, RECV, /eventTrig, 1
271498.3855, SEND, 4094, 1.000000
271498.4407, RECV, /eventTrig, 1
271498.8274, SEND, 4094, 1.000000
271498.8817, RECV, /eventTrig, 1
271499.4788, SEND, 4094, 1.000000
271499.5311, RECV, /eventTrig, 1
271499.9128, SEND, 4094, 1.000000
271499.9665, RECV, /eventTrig, 1
271500.2415, SEND, 4094, 1.000000
271500.2939, RECV, /eventTrig, 1
271500.8887, SEND, 4094, 1.000000
271500.9436, RECV, /eventTrig, 1
271501.5339, SEND, 4094, 1.000000
271501.5893, RECV, /eventTrig, 1
271501.8064, SEND, 4094, 1.000000
271501.8614, RECV, /eventTrig, 1
271502.8292, SEND, 4094, 1.000000
271502.8829, RECV, /eventTrig, 1
271503.1066, SEND, 4094, 1.000000
271503.1594, RECV, /eventTrig, 1
271503.7487, SEND, 4094, 1.000000
271503.8066, RECV, /eventTrig, 1
271503.9160, SEND, 4094, 1.000000
271503.9733, RECV, /eventTrig, 1
271504.5653, SEND, 4094, 1.000000
271504.6237, RECV, /eventTrig, 1
271504.8910, SEND, 4094, 1.000000
271504.9448, RECV, /eventTrig, 1
271505.4819, SEND, 4094, 1.000000
271505.5392, RECV, /eventTrig, 1
271506.6143, SEND, 4094, 1.000000
271506.6688, RECV, /eventTrig, 1
271506.8814, SEND, 4094, 1.000000
271506.9383, RECV, /eventTrig, 1
271507.5773, SEND, 4094, 1.000000
271507.6311, RECV, /eventTrig, 1
271508.7176, SEND, 4094, 1.000000
271508.7725, RECV, /eventTrig, 1
271509.2556, SEND, 4094, 1.000000
271509.3098, RECV, /eventTrig, 1
271509.6356, SEND, 4094, 1.000000
271509.6888, RECV, /eventTrig, 1
271510.0188, SEND, 4094, 1.000000
271510.0726, RECV, /eventTrig, 1
271510.2958, SEND, 4094, 1.000000
271510.3538, RECV, /eventTrig, 1
271510.6279, SEND, 4094, 1.000000
271510.6858, RECV, /eventTrig, 1
271510.7393, SEND, 4094, 1.000000
271510.7950, RECV, /eventTrig, 1
271516.3199, MIDI, 50.000
271516.3744, SEND, 4095, 560.000000
271516.4285, RECV, /segTrig, 570
271516.4285, RECV, /eventTrig, 0
271516.4285, RECV, /nowPlaying, 560
271516.5365, RECV, /eventTrig, 1
271552.0640, MIDI, 51.000
271552.1194, SEND, 4095, 570.000000
271552.1740, RECV, /segTrig, 0
271552.1740, RECV, /eventTrig, 0
271552.1740, RECV, /nowPlaying, 570
271552.2285, RECV, /segTrig, 580
271552.2285, RECV, /eventTrig, 1
271553.8848, SEND, 4094, 1.000000
271553.9389, RECV, /eventTrig, 1
271556.2014, SEND, 4094, 1.000000
271556.2547, RECV, /eventTrig, 1
271557.0079, SEND, 4094, 1.000000
271557.0650, RECV, /eventTrig, 1
271557.2245, SEND, 4094, 1.000000
271557.2822, RECV, /eventTrig, 1
271559.0717, SEND, 4094, 1.000000
271559.1268, RECV, /eventTrig, 1
271559.7209, SEND, 4094, 1.000000
271559.7762, RECV, /eventTrig, 1
271565.9703, SEND, 4094, 1.000000
271566.0285, RECV, /eventTrig, 1
271566.2394, SEND, 4094, 1.000000
271566.2952, RECV, /eventTrig, 1
271568.3033, SEND, 4094, 1.000000
271568.3609, RECV, /eventTrig, 1
271569.2860, SEND, 4094, 1.000000
271569.3428, RECV, /eventTrig, 1
271570.1461, SEND, 4094, 1.000000
271570.1996, RECV, /eventTrig, 1
271570.2537, SEND, 4094, 1.000000
271570.3103, RECV, /eventTrig, 1
271571.2287, SEND, 4094, 1.000000
271571.2831, RECV, /eventTrig, 1
271571.4481, SEND, 4094, 1.000000
271571.5048, RECV, /eventTrig, 1
271574.5858, SEND, 4094, 1.000000
271574.6416, RECV, /eventTrig, 1
271576.1527, SEND, 4094, 1.000000
271576.2117, RECV, /eventTrig, 1
271576.8192, SEND, 4094, 1.000000
271576.8756, RECV, /eventTrig, 1
271577.3596, SEND, 4094, 1.000000
271577.4133, RECV, /eventTrig, 1
271581.1150, SEND, 4094, 1.000000
271581.1713, RECV, /eventTrig, 1
271586.9085, MIDI, 52.000
271586.9632, SEND, 4095, 580.000000
271587.0185, RECV, /segTrig, 600
271587.0185, RECV, /eventTrig, 0
271587.0185, RECV, /nowPlaying, 580
271591.5578, RECV, /eventTrig, 1
271598.1406, MIDI, 53.000
271598.1988, SEND, 4094, 1.000000
271598.2526, RECV, /eventTrig, 0
271628.9796, MIDI, 54.000
271629.0360, SEND, 4095, 600.000000
271629.0897, RECV, /segTrig, 610
271629.0897, RECV, /eventTrig, 1
271629.0897, RECV, /nowPlaying, 600
271629.2013, SEND, 4094, 1.000000
271629.2539, RECV, /eventTrig, 1
271629.6914, SEND, 4094, 1.000000
271629.7495, RECV, /eventTrig, 1
271630.0302, SEND, 4094, 1.000000
271630.0880, RECV, /eventTrig, 1
271631.2409, SEND, 4094, 1.000000
271631.2955, RECV, /eventTrig, 1
271631.5671, SEND, 4094, 1.000000
271631.6210, RECV, /eventTrig, 1
271632.3293, SEND, 4094, 1.000000
271632.3863, RECV, /eventTrig, 1
271633.0345, SEND, 4094, 1.000000
271633.0880, RECV, /eventTrig, 1
271633.4171, SEND, 4094, 1.000000
271633.4714, RECV, /eventTrig, 1
271634.6104, SEND, 4094, 1.000000
271634.6675, RECV, /eventTrig, 1
271634.9891, SEND, 4094, 1.000000
271635.0440, RECV, /eventTrig, 1
271635.3148, SEND, 4094, 1.000000
271635.3681, RECV, /eventTrig, 1
271635.7490, SEND, 4094, 1.000000
271635.8028, RECV, /eventTrig, 1
271636.1311, SEND, 4094, 1.000000
271636.1846, RECV, /eventTrig, 1
271636.6713, SEND, 4094, 1.000000
271636.7267, RECV, /eventTrig, 1
271637.0518, SEND, 4094, 1.000000
271637.1043, RECV, /eventTrig, 1
271638.8560, SEND, 4094, 1.000000
271638.9143, RECV, /eventTrig, 1
271639.0800, SEND, 4094, 1.000000
271639.1329, RECV, /eventTrig, 1
271639.4641, SEND, 4094, 1.000000
271639.5203, RECV, /eventTrig, 1
271639.6839, SEND, 4094, 1.000000
271639.7372, RECV, /eventTrig, 1
271640.5515, SEND, 4094, 1.000000
271640.6050, RECV, /eventTrig, 1
271641.4481, SEND, 4094, 1.000000
271641.5018, RECV, /eventTrig, 1
271642.0551, SEND, 4094, 1.000000
271642.1128, RECV, /eventTrig, 1
271642.4360, SEND, 4094, 1.000000
271642.4909, RECV, /eventTrig, 1
271643.0853, SEND, 4094, 1.000000
271643.1402, RECV, /eventTrig, 1
271643.5171, SEND, 4094, 1.000000
271643.5733, RECV, /eventTrig, 1
271644.0128, SEND, 4094, 1.000000
271644.0682, RECV, /eventTrig, 1
271644.4018, SEND, 4094, 1.000000
271644.4595, RECV, /eventTrig, 1
271644.7356, SEND, 4094, 1.000000
271644.7966, RECV, /eventTrig, 1
271645.4488, SEND, 4094, 1.000000
271645.5019, RECV, /eventTrig, 1
271645.7820, SEND, 4094, 1.000000
271645.8349, RECV, /eventTrig, 1
271645.9986, SEND, 4094, 1.000000
271646.0507, RECV, /eventTrig, 1
271646.2679, SEND, 4094, 1.000000
271646.3226, RECV, /eventTrig, 1
271647.0987, SEND, 4094, 1.000000
271647.1552, RECV, /eventTrig, 1
271647.5885, SEND, 4094, 1.000000
271647.6440, RECV, /eventTrig, 1
271647.9708, SEND, 4094, 1.000000
271648.0271, RECV, /eventTrig, 1
271648.4133, SEND, 4094, 1.000000
271648.4673, RECV, /eventTrig, 1
271648.9152, SEND, 4094, 1.000000
271648.9710, RECV, /eventTrig, 1
271649.2421, SEND, 4094, 1.000000
271649.2948, RECV, /eventTrig, 1
271649.6822, SEND, 4094, 1.000000
271649.7411, RECV, /eventTrig, 1
271650.1903, SEND, 4094, 1.000000
271650.1903, MIDI, 55.000
271650.2477, RECV, /eventTrig, 1
271650.2477, SEND, 4095, 610.000000
271650.3063, RECV, /segTrig, 620
271650.3063, RECV, /eventTrig, 0
271650.3063, RECV, /nowPlaying, 610
271660.0234, MIDI, 56.000
271660.0778, SEND, 4095, 620.000000
271660.1352, RECV, /segTrig, 630
271660.1352, RECV, /nowPlaying, 620
271668.2697, MIDI, 57.000
271668.3248, SEND, 4095, 630.000000
271668.3799, RECV, /segTrig, 0
271668.3799, RECV, /nowPlaying, 630
271668.4350, RECV, /segTrig, 640
271715.9654, MIDI, 58.000
271716.0194, SEND, 4095, 640.000000
271716.0820, RECV, /segTrig, 650
271716.0820, RECV, /nowPlaying, 640
271802.0487, MIDI, 59.000
271802.1046, SEND, 4095, 650.000000
271802.1607, RECV, /segTrig, 0
271802.1607, RECV, /nowPlaying, 650
271802.2150, RECV, /segTrig, 1000
271810.2160, MIDI, 60.000
271812.8321, MIDI, 60.500
271812.8874, SEND, 4095, 1000.000000
271812.9399, RECV, /segTrig, 1010
271812.9399, RECV, /eventTrig, 1
271812.9399, RECV, /nowPlaying, 1000
271838.0938, MIDI, 61.000
271838.1462, SEND, 4094, 1.000000
271838.1996, RECV, /eventTrig, 0
271857.9649, MIDI, 62.000
271858.0195, SEND, 4095, 1010.000000
271858.0727, RECV, /segTrig, 0
271858.0727, RECV, /nowPlaying, 1010
271858.1271, RECV, /segTrig, 1020
271881.9643, MIDI, 63.000
271882.0185, SEND, 4095, 1020.000000
271882.0735, RECV, /segTrig, 1030
271882.0735, RECV, /nowPlaying, 1020
271941.6116, MIDI, 64.000
271941.6670, SEND, 4095, 1030.000000
271941.7212, RECV, /segTrig, 1500
271941.7212, RECV, /eventTrig, 1
271941.7212, RECV, /nowPlaying, 1030
272007.9241, MIDI, 66.000
272008.0359, SEND, 4094, 1.000000
272008.0886, RECV, /eventTrig, 0
272010.7009, MIDI, 67.000
272010.7539, SEND, 4095, 1500.000000
272010.8070, RECV, /segTrig, 0
272010.8070, RECV, /nowPlaying, 1500
272022.5817, MIDI, 67.500
272042.9506, RECV, /nowPlaying, 1520
272070.1553, RECV, /nowPlaying, 1530
272092.2556, RECV, /nowPlaying, 1540
272097.4860, MIDI, 67.700
272125.6078, RECV, /nowPlaying, 1550
272136.9005, RECV, /nowPlaying, 1560
272158.6267, RECV, /nowPlaying, 1570
272168.4575, RECV, /nowPlaying, 1580
272181.0364, RECV, /eventTrig, 1
272189.4728, RECV, /nowPlaying, 1590
272210.1556, RECV, /nowPlaying, 1600
272221.2488, RECV, /nowPlaying, 1610
272228.2888, RECV, /eventTrig, 0
272241.0474, RECV, /nowPlaying, 1620
272252.1675, RECV, /nowPlaying, 1630
272266.7976, RECV, /nowPlaying, 1640
272268.5828, RECV, /eventTrig, 2
272271.3407, RECV, /nowPlaying, 1650
272271.3933, RECV, /segTrig, 2000
272271.3933, RECV, /eventTrig, 1
272288.0491, RECV, /eventTrig, 0
272320.4425, MIDI, 80.900
272425.2098, MIDI, 81.900
272425.3199, SEND, 4095, 2000.000000
272425.3756, RECV, /segTrig, 0
272425.3756, RECV, /nowPlaying, 2000
272435.6842, MIDI, 82.000
272443.5251, RECV, /segTrig, 2010
272443.5251, RECV, /nowPlaying, 2001
272562.3891, MIDI, 83.000
272562.4439, SEND, 4095, 2010.000000
272562.4998, RECV, /segTrig, 2020
272562.4998, RECV, /eventTrig, 1
272562.4998, RECV, /nowPlaying, 2010
272573.0578, MIDI, 83.500
272619.6043, MIDI, 84.000
272619.6637, SEND, 4094, 1.000000
272619.7241, RECV, /eventTrig, 0
272626.1274, RECV, /eventTrig, 1
272647.2169, MIDI, 85.000
272647.2755, SEND, 4094, 1.000000
272647.3341, RECV, /eventTrig, 0
272651.2577, MIDI, 86.000
272651.3171, SEND, 4095, 2020.000000
272651.3768, RECV, /segTrig, 0
272651.3768, RECV, /nowPlaying, 2020
272651.4381, RECV, /segTrig, 2030
272651.4381, RECV, /eventTrig, 1
272670.1369, MIDI, 87.000
272670.1984, SEND, 4094, 1.000000
272670.2585, RECV, /eventTrig, 0
272675.4918, RECV, /eventTrig, 1
272692.1680, MIDI, 88.000
272692.2268, SEND, 4095, 2030.000000
272692.2887, RECV, /segTrig, 2040
272692.2887, RECV, /eventTrig, 0
272692.2887, RECV, /nowPlaying, 2030
272729.2908, MIDI, 89.000
272729.3508, SEND, 4095, 2040.000000
272729.4111, RECV, /segTrig, 2050
272729.4111, RECV, /nowPlaying, 2040
272760.0322, MIDI, 90.000
272760.0969, SEND, 4095, 2050.000000
272760.1588, RECV, /segTrig, 2060
272760.1588, RECV, /nowPlaying, 2050
272817.0644, MIDI, 91.000
272817.1237, SEND, 4095, 2060.000000
272817.1890, RECV, /segTrig, 2070
272817.1890, RECV, /nowPlaying, 2060
272824.7728, MIDI, 92.000
272824.8330, SEND, 4095, 2070.000000
272824.8954, RECV, /segTrig, 2080
272824.8954, RECV, /nowPlaying, 2070
272859.8200, MIDI, 93.000
272859.8822, SEND, 4095, 2080.000000
272859.9474, RECV, /segTrig, 2090
272859.9474, RECV, /nowPlaying, 2080
272901.1187, MIDI, 94.000
272901.1805, SEND, 4095, 2090.000000
272901.2418, RECV, /segTrig, 0
272901.2418, RECV, /nowPlaying, 2090
272901.3025, RECV, /segTrig, 2100
272963.8064, MIDI, 95.000
272963.8626, SEND, 4095, 2100.000000
272963.9197, RECV, /segTrig, 2500
272963.9197, RECV, /nowPlaying, 2100
273087.0101, MIDI, 96.000
273087.0663, SEND, 4095, 2500.000000
273087.1198, RECV, /segTrig, 2510
273087.1198, RECV, /eventTrig, 1
273087.1198, RECV, /nowPlaying, 2500
273095.1037, MIDI, 97.000
273095.1609, SEND, 4094, 1.000000
273095.2158, RECV, /eventTrig, 1
273097.2268, SEND, 4094, 1.000000
273097.2816, RECV, /eventTrig, 1
273097.5045, SEND, 4094, 1.000000
273097.5607, RECV, /eventTrig, 1
273099.2268, SEND, 4094, 1.000000
273099.2825, RECV, /eventTrig, 1
273099.5597, SEND, 4094, 1.000000
273099.6152, RECV, /eventTrig, 1
273100.9474, SEND, 4094, 1.000000
273101.0044, RECV, /eventTrig, 1
273102.1297, SEND, 4094, 1.000000
273102.1849, RECV, /eventTrig, 1
273102.6294, SEND, 4094, 1.000000
273102.6852, RECV, /eventTrig, 1
273103.7959, SEND, 4094, 1.000000
273103.8525, RECV, /eventTrig, 1
273108.3992, SEND, 4094, 1.000000
273108.4556, RECV, /eventTrig, 1
273111.4563, MIDI, 98.000
273111.5114, SEND, 4095, 2510.000000
273111.5703, RECV, /segTrig, 0
273111.5703, RECV, /eventTrig, 0
273111.5703, RECV, /nowPlaying, 2510
273111.6781, RECV, /segTrig, 2520
273114.7213, MIDI, 99.000
273114.7759, SEND, 4095, 2520.000000
273114.8328, RECV, /segTrig, 2530
273114.8328, RECV, /nowPlaying, 2520
273117.3100, MIDI, 100.000
273117.3680, SEND, 4095, 2530.000000
273117.4225, RECV, /segTrig, 2540
273117.4225, RECV, /nowPlaying, 2530
273129.9459, MIDI, 101.000
273130.0005, SEND, 4095, 2540.000000
273130.0576, RECV, /segTrig, 2550
273130.0576, RECV, /nowPlaying, 2540
273131.9678, MIDI, 102.000
273132.0222, SEND, 4095, 2550.000000
273132.0781, RECV, /segTrig, 2560
273132.0781, RECV, /nowPlaying, 2550
273136.2245, MIDI, 103.000
273136.2788, SEND, 4095, 2560.000000
273136.3319, RECV, /segTrig, 2570
273136.3319, RECV, /nowPlaying, 2560
273138.6849, MIDI, 104.000
273138.7417, SEND, 4095, 2570.000000
273138.7970, RECV, /segTrig, 0
273138.7970, RECV, /nowPlaying, 2570
273138.8531, RECV, /segTrig, 2580
273169.3668, MIDI, 105.000
273169.4219, SEND, 4095, 2580.000000
273169.4789, RECV, /segTrig, 0
273169.4789, RECV, /nowPlaying, 2580
273169.5874, RECV, /segTrig, 2590
273277.7992, MIDI, 106.000
273277.8574, SEND, 4095, 2590.000000
273277.9181, RECV, /segTrig, 2600
273277.9181, RECV, /nowPlaying, 2590
273491.3792, MIDI, 107.000
273491.4403, SEND, 4095, 2600.000000
273491.4977, RECV, /segTrig, 2610
273491.4977, RECV, /nowPlaying, 2600
273613.0912, MIDI, 108.000
273613.1549, SEND, 4095, 2610.000000
273613.2131, RECV, /segTrig, 0
273613.2131, RECV, /nowPlaying, 2610
273626.0379, MIDI, 109.000
273638.1616, RECV, /nowPlaying, -1
273643.5111, MIDI, 110.000
